2017-09-19 14:53:32,021 INFO o.a.j.u.JMeterUtils: Setting Locale to zh_CN
2017-09-19 14:53:32,035 INFO o.a.j.JMeter: Loading user properties from: user.properties
2017-09-19 14:53:32,035 INFO o.a.j.JMeter: Loading system properties from: system.properties
2017-09-19 14:53:32,036 INFO o.a.j.JMeter: Setting JMeter property: host=zhishinet.com
2017-09-19 14:53:32,040 INFO o.a.j.JMeter: Copyright (c) 1998-2017 The Apache Software Foundation
2017-09-19 14:53:32,040 INFO o.a.j.JMeter: Version 3.2 r1790748
2017-09-19 14:53:32,040 INFO o.a.j.JMeter: java.version=1.8.0_131
2017-09-19 14:53:32,040 INFO o.a.j.JMeter: java.vm.name=Java HotSpot(TM) 64-Bit Server VM
2017-09-19 14:53:32,041 INFO o.a.j.JMeter: os.name=Windows 10
2017-09-19 14:53:32,041 INFO o.a.j.JMeter: os.arch=amd64
2017-09-19 14:53:32,041 INFO o.a.j.JMeter: os.version=10.0
2017-09-19 14:53:32,041 INFO o.a.j.JMeter: file.encoding=GBK
2017-09-19 14:53:32,041 INFO o.a.j.JMeter: Max memory     =3793747968
2017-09-19 14:53:32,041 INFO o.a.j.JMeter: Available Processors =4
2017-09-19 14:53:32,048 INFO o.a.j.JMeter: Default Locale=中文 (中国)
2017-09-19 14:53:32,048 INFO o.a.j.JMeter: JMeter  Locale=中文 (中国)
2017-09-19 14:53:32,048 INFO o.a.j.JMeter: JMeterHome=G:\项目\InterfaceTest\apache-jmeter-3.2
2017-09-19 14:53:32,049 INFO o.a.j.JMeter: user.dir  =G:\项目\InterfaceTest\apache-jmeter-3.2\bin
2017-09-19 14:53:32,049 INFO o.a.j.JMeter: PWD       =G:\项目\InterfaceTest\apache-jmeter-3.2\bin
2017-09-19 14:53:32,050 INFO o.a.j.JMeter: IP: 192.168.70.7 Name: LAPTOP-JVHP31N1 FullName: LAPTOP-JVHP31N1
2017-09-19 14:53:32,053 INFO o.a.j.s.FileServer: Default base='G:\项目\InterfaceTest\apache-jmeter-3.2\bin'
2017-09-19 14:53:32,053 INFO o.a.j.s.FileServer: Set new base='G:\项目\InterfaceTest\ZhiShiNetTest\TestSuite'
2017-09-19 14:53:32,161 INFO o.a.j.s.SaveService: Testplan (JMX) version: 2.2. Testlog (JTL) version: 2.2
2017-09-19 14:53:32,173 INFO o.a.j.s.SaveService: Using SaveService properties file encoding UTF-8
2017-09-19 14:53:32,179 INFO o.a.j.s.SaveService: Using SaveService properties version 3.2
2017-09-19 14:53:32,185 INFO o.a.j.s.SaveService: Loading file: G:\项目\InterfaceTest\ZhiShiNetTest\TestSuite\homework-SetHomework_Test.jmx
2017-09-19 14:53:32,334 INFO o.a.j.p.h.s.HTTPSamplerBase: Parser for text/html is org.apache.jmeter.protocol.http.parser.LagartoBasedHtmlParser
2017-09-19 14:53:32,334 INFO o.a.j.p.h.s.HTTPSamplerBase: Parser for application/xhtml+xml is org.apache.jmeter.protocol.http.parser.LagartoBasedHtmlParser
2017-09-19 14:53:32,335 INFO o.a.j.p.h.s.HTTPSamplerBase: Parser for application/xml is org.apache.jmeter.protocol.http.parser.LagartoBasedHtmlParser
2017-09-19 14:53:32,335 INFO o.a.j.p.h.s.HTTPSamplerBase: Parser for text/xml is org.apache.jmeter.protocol.http.parser.LagartoBasedHtmlParser
2017-09-19 14:53:32,335 INFO o.a.j.p.h.s.HTTPSamplerBase: Parser for text/vnd.wap.wml is org.apache.jmeter.protocol.http.parser.RegexpHTMLParser
2017-09-19 14:53:32,335 INFO o.a.j.p.h.s.HTTPSamplerBase: Parser for text/css is org.apache.jmeter.protocol.http.parser.CssParser
2017-09-19 14:53:32,379 INFO o.a.j.u.BSFTestElement: Registering JMeter version of JavaScript engine as work-round for BSF-22
2017-09-19 14:53:32,896 INFO o.a.j.JMeter: Creating summariser <summary>
2017-09-19 14:53:32,905 INFO o.a.j.e.StandardJMeterEngine: Running the test!
2017-09-19 14:53:32,906 INFO o.a.j.s.SampleEvent: List of sample_variables: []
2017-09-19 14:53:32,906 INFO o.a.j.s.SampleEvent: List of sample_variables: []
2017-09-19 14:53:32,913 INFO o.a.j.e.u.CompoundVariable: Note: Function class names must contain the string: '.functions.'
2017-09-19 14:53:32,913 INFO o.a.j.e.u.CompoundVariable: Note: Function class names must not contain the string: '.gui.'
2017-09-19 14:53:33,041 INFO o.a.j.JMeter: 正在运行的测试 (1505804013041)
2017-09-19 14:53:33,114 INFO o.a.j.e.StandardJMeterEngine: Starting ThreadGroup: 1 : 线程组
2017-09-19 14:53:33,114 INFO o.a.j.e.StandardJMeterEngine: Starting 1 threads for group 线程组.
2017-09-19 14:53:33,114 INFO o.a.j.e.StandardJMeterEngine: Thread will continue on error
2017-09-19 14:53:33,114 INFO o.a.j.t.ThreadGroup: Starting thread group... number=1 threads=1 ramp-up=1 perThread=1000.0 delayedStart=false
2017-09-19 14:53:33,132 INFO o.a.j.t.ThreadGroup: Started thread group number 1
2017-09-19 14:53:33,132 INFO o.a.j.e.StandardJMeterEngine: All thread groups have been started
2017-09-19 14:53:33,136 INFO o.a.j.s.SampleResult: Note: Sample TimeStamps are START times
2017-09-19 14:53:33,136 INFO o.a.j.s.SampleResult: sampleresult.default.encoding is set to ISO-8859-1
2017-09-19 14:53:33,136 INFO o.a.j.s.SampleResult: sampleresult.useNanoTime=true
2017-09-19 14:53:33,136 INFO o.a.j.s.SampleResult: sampleresult.nanoThreadSleep=5000
2017-09-19 14:53:33,160 INFO o.a.j.t.JMeterThread: Thread started: 线程组 1-1
2017-09-19 14:53:33,186 INFO o.a.j.p.h.s.HTTPHCAbstractImpl: Local host = LAPTOP-JVHP31N1
2017-09-19 14:53:33,192 INFO o.a.j.p.h.s.HTTPHC4Impl: HTTP request retry count = 0
2017-09-19 14:53:33,261 INFO o.a.j.p.h.s.LazySchemeSocketFactory: Setting up HTTPS TrustAll Socket Factory
2017-09-19 14:53:33,269 INFO o.a.j.u.JsseSSLManager: Using default SSL protocol: TLS
2017-09-19 14:53:33,269 INFO o.a.j.u.JsseSSLManager: SSL session context: per-thread
2017-09-19 14:53:33,691 INFO o.a.j.u.SSLManager: JmeterKeyStore Location:  type JKS
2017-09-19 14:53:33,691 INFO o.a.j.u.SSLManager: KeyStore created OK
2017-09-19 14:53:33,691 WARN o.a.j.u.SSLManager: Keystore file not found, loading empty keystore
2017-09-19 14:53:34,193 INFO o.a.j.r.Summariser: summary +      1 in 00:00:01 =    0.9/s Avg:   964 Min:   964 Max:   964 Err:     1 (100.00%) Active: 1 Started: 1 Finished: 0
2017-09-19 14:53:35,861 ERROR o.a.j.c.IfController: 如果（If）控制器: error while processing [{"code":"UNAUTHORIZED","message":"Request without authorization header.","success":false,"total":0}==false]
javax.script.ScriptException: <eval>:1:7 Expected ; but found :
{"code":"UNAUTHORIZED","message":"Request without authorization header.","success":false,"total":0}==false
       ^ in <eval> at line number 1 at column number 7
	at jdk.nashorn.api.scripting.NashornScriptEngine.throwAsScriptException(NashornScriptEngine.java:470) ~[nashorn.jar:?]
	at jdk.nashorn.api.scripting.NashornScriptEngine.compileImpl(NashornScriptEngine.java:537) ~[nashorn.jar:?]
	at jdk.nashorn.api.scripting.NashornScriptEngine.compileImpl(NashornScriptEngine.java:524) ~[nashorn.jar:?]
	at jdk.nashorn.api.scripting.NashornScriptEngine.evalImpl(NashornScriptEngine.java:402) ~[nashorn.jar:?]
	at jdk.nashorn.api.scripting.NashornScriptEngine.eval(NashornScriptEngine.java:155) ~[nashorn.jar:?]
	at org.apache.jmeter.control.IfController$NashornJsEngine.evaluate(IfController.java:124) [ApacheJMeter_core.jar:3.2 r1790748]
	at org.apache.jmeter.control.IfController.evaluateCondition(IfController.java:185) [ApacheJMeter_core.jar:3.2 r1790748]
	at org.apache.jmeter.control.IfController.next(IfController.java:239) [ApacheJMeter_core.jar:3.2 r1790748]
	at org.apache.jmeter.control.GenericController.nextIsAController(GenericController.java:219) [ApacheJMeter_core.jar:3.2 r1790748]
	at org.apache.jmeter.control.TransactionController.nextIsAController(TransactionController.java:174) [ApacheJMeter_core.jar:3.2 r1790748]
	at org.apache.jmeter.control.GenericController.next(GenericController.java:173) [ApacheJMeter_core.jar:3.2 r1790748]
	at org.apache.jmeter.control.TransactionController.nextWithoutTransactionSampler(TransactionController.java:206) [ApacheJMeter_core.jar:3.2 r1790748]
	at org.apache.jmeter.control.TransactionController.next(TransactionController.java:136) [ApacheJMeter_core.jar:3.2 r1790748]
	at org.apache.jmeter.control.GenericController.nextIsAController(GenericController.java:219) [ApacheJMeter_core.jar:3.2 r1790748]
	at org.apache.jmeter.control.GenericController.next(GenericController.java:173) [ApacheJMeter_core.jar:3.2 r1790748]
	at org.apache.jmeter.control.LoopController.next(LoopController.java:123) [ApacheJMeter_core.jar:3.2 r1790748]
	at org.apache.jmeter.threads.AbstractThreadGroup.next(AbstractThreadGroup.java:87) [ApacheJMeter_core.jar:3.2 r1790748]
	at org.apache.jmeter.threads.JMeterThread.run(JMeterThread.java:274) [ApacheJMeter_core.jar:3.2 r1790748]
	at java.lang.Thread.run(Unknown Source) [?:1.8.0_131]
Caused by: jdk.nashorn.internal.runtime.ParserException: <eval>:1:7 Expected ; but found :
{"code":"UNAUTHORIZED","message":"Request without authorization header.","success":false,"total":0}==false
       ^
	at jdk.nashorn.internal.parser.AbstractParser.error(AbstractParser.java:294) ~[nashorn.jar:?]
	at jdk.nashorn.internal.parser.AbstractParser.error(AbstractParser.java:279) ~[nashorn.jar:?]
	at jdk.nashorn.internal.parser.AbstractParser.expectDontAdvance(AbstractParser.java:350) ~[nashorn.jar:?]
	at jdk.nashorn.internal.parser.AbstractParser.expect(AbstractParser.java:337) ~[nashorn.jar:?]
	at jdk.nashorn.internal.parser.Parser.endOfLine(Parser.java:3372) ~[nashorn.jar:?]
	at jdk.nashorn.internal.parser.Parser.expressionStatement(Parser.java:1160) ~[nashorn.jar:?]
	at jdk.nashorn.internal.parser.Parser.statement(Parser.java:967) ~[nashorn.jar:?]
	at jdk.nashorn.internal.parser.Parser.statement(Parser.java:863) ~[nashorn.jar:?]
	at jdk.nashorn.internal.parser.Parser.statementList(Parser.java:1013) ~[nashorn.jar:?]
	at jdk.nashorn.internal.parser.Parser.getBlock(Parser.java:531) ~[nashorn.jar:?]
	at jdk.nashorn.internal.parser.Parser.block(Parser.java:986) ~[nashorn.jar:?]
	at jdk.nashorn.internal.parser.Parser.statement(Parser.java:881) ~[nashorn.jar:?]
	at jdk.nashorn.internal.parser.Parser.sourceElements(Parser.java:773) ~[nashorn.jar:?]
	at jdk.nashorn.internal.parser.Parser.program(Parser.java:709) ~[nashorn.jar:?]
	at jdk.nashorn.internal.parser.Parser.parse(Parser.java:283) ~[nashorn.jar:?]
	at jdk.nashorn.internal.parser.Parser.parse(Parser.java:249) ~[nashorn.jar:?]
	at jdk.nashorn.internal.runtime.Context.compile(Context.java:1284) ~[nashorn.jar:?]
	at jdk.nashorn.internal.runtime.Context.compileScript(Context.java:1251) ~[nashorn.jar:?]
	at jdk.nashorn.internal.runtime.Context.compileScript(Context.java:627) ~[nashorn.jar:?]
	at jdk.nashorn.api.scripting.NashornScriptEngine.compileImpl(NashornScriptEngine.java:535) ~[nashorn.jar:?]
	... 17 more
2017-09-19 14:53:35,979 ERROR o.a.j.c.IfController: 如果（If）控制器: error while processing [{"code":"UNAUTHORIZED","message":"Request without authorization header.","success":false,"total":0}==false]
javax.script.ScriptException: <eval>:1:7 Expected ; but found :
{"code":"UNAUTHORIZED","message":"Request without authorization header.","success":false,"total":0}==false
       ^ in <eval> at line number 1 at column number 7
	at jdk.nashorn.api.scripting.NashornScriptEngine.throwAsScriptException(NashornScriptEngine.java:470) ~[nashorn.jar:?]
	at jdk.nashorn.api.scripting.NashornScriptEngine.compileImpl(NashornScriptEngine.java:537) ~[nashorn.jar:?]
	at jdk.nashorn.api.scripting.NashornScriptEngine.compileImpl(NashornScriptEngine.java:524) ~[nashorn.jar:?]
	at jdk.nashorn.api.scripting.NashornScriptEngine.evalImpl(NashornScriptEngine.java:402) ~[nashorn.jar:?]
	at jdk.nashorn.api.scripting.NashornScriptEngine.eval(NashornScriptEngine.java:155) ~[nashorn.jar:?]
	at org.apache.jmeter.control.IfController$NashornJsEngine.evaluate(IfController.java:124) [ApacheJMeter_core.jar:3.2 r1790748]
	at org.apache.jmeter.control.IfController.evaluateCondition(IfController.java:185) [ApacheJMeter_core.jar:3.2 r1790748]
	at org.apache.jmeter.control.IfController.next(IfController.java:239) [ApacheJMeter_core.jar:3.2 r1790748]
	at org.apache.jmeter.control.GenericController.nextIsAController(GenericController.java:219) [ApacheJMeter_core.jar:3.2 r1790748]
	at org.apache.jmeter.control.TransactionController.nextIsAController(TransactionController.java:174) [ApacheJMeter_core.jar:3.2 r1790748]
	at org.apache.jmeter.control.GenericController.next(GenericController.java:173) [ApacheJMeter_core.jar:3.2 r1790748]
	at org.apache.jmeter.control.TransactionController.nextWithoutTransactionSampler(TransactionController.java:206) [ApacheJMeter_core.jar:3.2 r1790748]
	at org.apache.jmeter.control.TransactionController.next(TransactionController.java:136) [ApacheJMeter_core.jar:3.2 r1790748]
	at org.apache.jmeter.control.GenericController.nextIsAController(GenericController.java:219) [ApacheJMeter_core.jar:3.2 r1790748]
	at org.apache.jmeter.control.GenericController.next(GenericController.java:173) [ApacheJMeter_core.jar:3.2 r1790748]
	at org.apache.jmeter.control.LoopController.next(LoopController.java:123) [ApacheJMeter_core.jar:3.2 r1790748]
	at org.apache.jmeter.threads.AbstractThreadGroup.next(AbstractThreadGroup.java:87) [ApacheJMeter_core.jar:3.2 r1790748]
	at org.apache.jmeter.threads.JMeterThread.run(JMeterThread.java:274) [ApacheJMeter_core.jar:3.2 r1790748]
	at java.lang.Thread.run(Unknown Source) [?:1.8.0_131]
Caused by: jdk.nashorn.internal.runtime.ParserException: <eval>:1:7 Expected ; but found :
{"code":"UNAUTHORIZED","message":"Request without authorization header.","success":false,"total":0}==false
       ^
	at jdk.nashorn.internal.parser.AbstractParser.error(AbstractParser.java:294) ~[nashorn.jar:?]
	at jdk.nashorn.internal.parser.AbstractParser.error(AbstractParser.java:279) ~[nashorn.jar:?]
	at jdk.nashorn.internal.parser.AbstractParser.expectDontAdvance(AbstractParser.java:350) ~[nashorn.jar:?]
	at jdk.nashorn.internal.parser.AbstractParser.expect(AbstractParser.java:337) ~[nashorn.jar:?]
	at jdk.nashorn.internal.parser.Parser.endOfLine(Parser.java:3372) ~[nashorn.jar:?]
	at jdk.nashorn.internal.parser.Parser.expressionStatement(Parser.java:1160) ~[nashorn.jar:?]
	at jdk.nashorn.internal.parser.Parser.statement(Parser.java:967) ~[nashorn.jar:?]
	at jdk.nashorn.internal.parser.Parser.statement(Parser.java:863) ~[nashorn.jar:?]
	at jdk.nashorn.internal.parser.Parser.statementList(Parser.java:1013) ~[nashorn.jar:?]
	at jdk.nashorn.internal.parser.Parser.getBlock(Parser.java:531) ~[nashorn.jar:?]
	at jdk.nashorn.internal.parser.Parser.block(Parser.java:986) ~[nashorn.jar:?]
	at jdk.nashorn.internal.parser.Parser.statement(Parser.java:881) ~[nashorn.jar:?]
	at jdk.nashorn.internal.parser.Parser.sourceElements(Parser.java:773) ~[nashorn.jar:?]
	at jdk.nashorn.internal.parser.Parser.program(Parser.java:709) ~[nashorn.jar:?]
	at jdk.nashorn.internal.parser.Parser.parse(Parser.java:283) ~[nashorn.jar:?]
	at jdk.nashorn.internal.parser.Parser.parse(Parser.java:249) ~[nashorn.jar:?]
	at jdk.nashorn.internal.runtime.Context.compile(Context.java:1284) ~[nashorn.jar:?]
	at jdk.nashorn.internal.runtime.Context.compileScript(Context.java:1251) ~[nashorn.jar:?]
	at jdk.nashorn.internal.runtime.Context.compileScript(Context.java:627) ~[nashorn.jar:?]
	at jdk.nashorn.api.scripting.NashornScriptEngine.compileImpl(NashornScriptEngine.java:535) ~[nashorn.jar:?]
	... 17 more
2017-09-19 14:53:38,291 INFO o.a.j.p.h.s.HTTPJavaImpl: Maximum connection retries = 0
2017-09-19 14:53:38,537 ERROR o.a.j.p.h.s.HTTPJavaImpl: readResponse: java.io.IOException: Server returned HTTP response code: 401 for URL: https://zhishinet.com/api/teacher/v1/sec/setQuestionTypePreference?QuestionTypeCode=ReadingComprehension&subjectId=1
2017-09-19 14:53:38,537 ERROR o.a.j.p.h.s.HTTPJavaImpl: Cause: java.io.IOException: Server returned HTTP response code: 401 for URL: https://zhishinet.com/api/teacher/v1/sec/setQuestionTypePreference?QuestionTypeCode=ReadingComprehension&subjectId=1
2017-09-19 14:53:38,538 INFO o.a.j.p.h.s.HTTPJavaImpl: Error Response Code: 401
2017-09-19 14:54:00,105 INFO o.a.j.r.Summariser: summary +    157 in 00:00:26 =    6.1/s Avg:   162 Min:     0 Max: 10497 Err:   153 (97.45%) Active: 1 Started: 1 Finished: 0
2017-09-19 14:54:00,106 INFO o.a.j.r.Summariser: summary =    158 in 00:00:27 =    5.8/s Avg:   167 Min:     0 Max: 10497 Err:   154 (97.47%)
2017-09-19 14:54:17,615 INFO o.a.j.t.JMeterThread: Thread is done: 线程组 1-1
2017-09-19 14:54:17,616 INFO o.a.j.t.JMeterThread: Thread finished: 线程组 1-1
2017-09-19 14:54:17,618 INFO o.a.j.e.StandardJMeterEngine: Notifying test listeners of end of test
2017-09-19 14:54:17,620 INFO o.a.j.r.Summariser: summary +    190 in 00:00:18 =   10.8/s Avg:    90 Min:     0 Max:   216 Err:   176 (92.63%) Active: 0 Started: 1 Finished: 1
2017-09-19 14:54:17,621 INFO o.a.j.r.Summariser: summary =    348 in 00:00:45 =    7.8/s Avg:   125 Min:     0 Max: 10497 Err:   330 (94.83%)
